{"contracts\\Escrow.sol":{"l":{"8":3,"16":6,"18":5,"20":4,"25":3,"29":3,"30":3,"34":4,"39":1,"41":1,"46":1,"51":1},"path":"C:\\Users\\mospa\\Home\\Projects\\contracts\\contracts\\Escrow.sol","s":{"1":3,"2":6,"3":5,"4":4,"5":3,"6":3,"7":4,"8":1,"9":1,"10":1,"11":1},"b":{"1":[5,1],"2":[4,1],"3":[3,1],"4":[3,0],"5":[1,0],"6":[1,0],"7":[1,0]},"f":{"1":3,"2":6,"3":4,"4":1},"fnMap":{"1":{"name":"constructor","line":7,"loc":{"start":{"line":7,"column":4},"end":{"line":9,"column":4}}},"2":{"name":"depositEscrow","line":14,"loc":{"start":{"line":14,"column":4},"end":{"line":31,"column":4}}},"3":{"name":"getHash","line":33,"loc":{"start":{"line":33,"column":4},"end":{"line":35,"column":4}}},"4":{"name":"withdrawalEscrow","line":37,"loc":{"start":{"line":37,"column":4},"end":{"line":52,"column":4}}}},"statementMap":{"1":{"start":{"line":8,"column":8},"end":{"line":8,"column":36}},"2":{"start":{"line":16,"column":8},"end":{"line":16,"column":69}},"3":{"start":{"line":18,"column":8},"end":{"line":18,"column":66}},"4":{"start":{"line":20,"column":8},"end":{"line":20,"column":668}},"5":{"start":{"line":25,"column":8},"end":{"line":25,"column":859}},"6":{"start":{"line":29,"column":8},"end":{"line":29,"column":34}},"7":{"start":{"line":34,"column":8},"end":{"line":34,"column":77}},"8":{"start":{"line":39,"column":8},"end":{"line":39,"column":69}},"9":{"start":{"line":41,"column":8},"end":{"line":41,"column":1466}},"10":{"start":{"line":46,"column":8},"end":{"line":46,"column":1631}},"11":{"start":{"line":51,"column":8},"end":{"line":51,"column":29}}},"branchMap":{"1":{"line":16,"type":"if","locations":[{"start":{"line":16,"column":8},"end":{"line":16,"column":8}},{"start":{"line":16,"column":8},"end":{"line":16,"column":8}}]},"2":{"line":18,"type":"if","locations":[{"start":{"line":18,"column":8},"end":{"line":18,"column":8}},{"start":{"line":18,"column":8},"end":{"line":18,"column":8}}]},"3":{"line":20,"type":"if","locations":[{"start":{"line":20,"column":8},"end":{"line":20,"column":8}},{"start":{"line":20,"column":8},"end":{"line":20,"column":8}}]},"4":{"line":25,"type":"if","locations":[{"start":{"line":25,"column":8},"end":{"line":25,"column":8}},{"start":{"line":25,"column":8},"end":{"line":25,"column":8}}]},"5":{"line":39,"type":"if","locations":[{"start":{"line":39,"column":8},"end":{"line":39,"column":8}},{"start":{"line":39,"column":8},"end":{"line":39,"column":8}}]},"6":{"line":41,"type":"if","locations":[{"start":{"line":41,"column":8},"end":{"line":41,"column":8}},{"start":{"line":41,"column":8},"end":{"line":41,"column":8}}]},"7":{"line":46,"type":"if","locations":[{"start":{"line":46,"column":8},"end":{"line":46,"column":8}},{"start":{"line":46,"column":8},"end":{"line":46,"column":8}}]}}},"contracts\\MockDaiToken.sol":{"l":{"6":3},"path":"C:\\Users\\mospa\\Home\\Projects\\contracts\\contracts\\MockDaiToken.sol","s":{"1":3},"b":{},"f":{"1":3},"fnMap":{"1":{"name":"constructor","line":5,"loc":{"start":{"line":5,"column":4},"end":{"line":7,"column":4}}}},"statementMap":{"1":{"start":{"line":6,"column":8},"end":{"line":6,"column":52}}},"branchMap":{}}}