TN:
SF:C:\Users\mospa\Home\Projects\contracts\contracts\Escrow.sol
FN:7,constructor
FN:14,depositEscrow
FN:33,getHash
FN:37,withdrawalEscrow
FNF:4
FNH:4
FNDA:3,constructor
FNDA:6,depositEscrow
FNDA:4,getHash
FNDA:1,withdrawalEscrow
DA:8,3
DA:16,6
DA:18,5
DA:20,4
DA:25,3
DA:29,3
DA:30,3
DA:34,4
DA:39,1
DA:41,1
DA:46,1
DA:51,1
LF:12
LH:12
BRDA:16,1,0,5
BRDA:16,1,1,1
BRDA:18,2,0,4
BRDA:18,2,1,1
BRDA:20,3,0,3
BRDA:20,3,1,1
BRDA:25,4,0,3
BRDA:25,4,1,0
BRDA:39,5,0,1
BRDA:39,5,1,0
BRDA:41,6,0,1
BRDA:41,6,1,0
BRDA:46,7,0,1
BRDA:46,7,1,0
BRF:14
BRH:10
end_of_record
TN:
SF:C:\Users\mospa\Home\Projects\contracts\contracts\MockDaiToken.sol
FN:5,constructor
FNF:1
FNH:1
FNDA:3,constructor
DA:6,3
LF:1
LH:1
BRF:0
BRH:0
end_of_record
